<?xml version="1.0" encoding="UTF-8"?>
<testsuite xmlns:xsi="http://www.w3.org/2001/XMLSchema-instance" xsi:noNamespaceSchemaLocation="https://maven.apache.org/surefire/maven-surefire-plugin/xsd/surefire-test-report.xsd" version="3.0.2" name="com.censusexplorer.CensusExplorerApplicationTests" time="0.936" tests="1" errors="0" skipped="0" failures="0">
  <properties>
[...]
</properties>
  <testcase name="contextLoads" classname="com.censusexplorer.CensusExplorerApplicationTests" time="0.304">
    <system-out><![CDATA[14:37:14.278 [main] INFO org.springframework.test.context.support.AnnotationConfigContextLoaderUtils -- Could not detect default configuration classes for test class [com.censusexplorer.CensusExplorerApplicationTests]: CensusExplorerApplicationTests does not declare any static, non-private, non-final, nested classes annotated with @Configuration.
14:37:14.311 [main] INFO org.springframework.boot.test.context.SpringBootTestContextBootstrapper -- Found @SpringBootConfiguration com.censusexplorer.CensusExplorerApplication for test class com.censusexplorer.CensusExplorerApplicationTests

  .   ____          _            __ _ _
 /\\ / ___'_ __ _ _(_)_ __  __ _ \ \ \ \
( ( )\___ | '_ | '_| | '_ \/ _` | \ \ \ \
 \\/  ___)| |_)| | | | | || (_| |  ) ) ) )
  '  |____| .__|_| |_|_| |_\__, | / / / /
 =========|_|==============|___/=/_/_/_/

 :: Spring Boot ::               (v3.4.13)

2026-02-26T14:37:14.420-05:00  INFO 31807 --- [           main] c.c.CensusExplorerApplicationTests       : Starting CensusExplorerApplicationTests using Java 21.0.10 with PID 31807 (started by andrewmoyer in /Users/andrewmoyer/github/census-explorer/backend)
2026-02-26T14:37:14.420-05:00  INFO 31807 --- [           main] c.c.CensusExplorerApplicationTests       : No active profile set, falling back to 1 default profile: "default"
2026-02-26T14:37:14.854-05:00 ERROR 31807 --- [           main] i.n.r.d.DnsServerAddressStreamProviders  : Unable to load io.netty.resolver.dns.macos.MacOSDnsServerAddressStreamProvider, fallback to system defaults. This may result in incorrect DNS resolutions on MacOS. Check whether you have a dependency on 'io.netty:netty-resolver-dns-native-macos'. Use DEBUG level to see the full stack: java.lang.UnsatisfiedLinkError: failed to load the required native library
2026-02-26T14:37:14.859-05:00  INFO 31807 --- [           main] c.c.CensusExplorerApplicationTests       : Started CensusExplorerApplicationTests in 0.512 seconds (process running for 0.781)
]]></system-out>
    <system-err><![CDATA[Mockito is currently self-attaching to enable the inline-mock-maker. This will no longer work in future releases of the JDK. Please add Mockito as an agent to your build what is described in Mockito's documentation: https://javadoc.io/doc/org.mockito/mockito-core/latest/org/mockito/Mockito.html#0.3
WARNING: A Java agent has been loaded dynamically (/Users/andrewmoyer/.m2/repository/net/bytebuddy/byte-buddy-agent/1.15.11/byte-buddy-agent-1.15.11.jar)
WARNING: If a serviceability tool is in use, please run with -XX:+EnableDynamicAgentLoading to hide this warning
WARNING: If a serviceability tool is not in use, please run with -Djdk.instrument.traceUsage for more information
WARNING: Dynamic loading of agents will be disallowed by default in a future release
]]></system-err>
  </testcase>
</testsuite>